TN:
SF:index.js
FN:15,(anonymous_0)
FN:26,(anonymous_1)
FNF:2
FNH:2
FNDA:1,(anonymous_0)
FNDA:1,(anonymous_1)
DA:1,1
DA:2,1
DA:3,1
DA:4,1
DA:5,1
DA:6,1
DA:7,1
DA:8,1
DA:9,1
DA:10,1
DA:11,1
DA:12,1
DA:13,1
DA:14,1
DA:16,1
DA:17,1
DA:18,1
DA:19,1
DA:20,1
DA:21,1
DA:22,1
DA:23,1
DA:24,1
DA:25,1
DA:26,1
DA:27,1
DA:30,1
LF:27
LH:27
BRDA:11,0,0,1
BRDA:11,0,1,0
BRDA:13,1,0,1
BRDA:13,1,1,0
BRF:4
BRH:2
end_of_record
TN:
SF:config/cloudinary.js
FNF:0
FNH:0
DA:1,1
DA:3,1
DA:9,1
LF:3
LH:3
BRF:0
BRH:0
end_of_record
TN:
SF:config/passport.js
FN:10,(anonymous_0)
FNF:1
FNH:1
FNDA:9,(anonymous_0)
DA:1,1
DA:3,1
DA:4,1
DA:6,1
DA:10,1
DA:11,9
LF:6
LH:6
BRF:0
BRH:0
end_of_record
TN:
SF:controllers/AdminController.js
FNF:0
FNH:0
DA:1,1
DA:2,1
DA:3,1
DA:4,1
DA:28,0
DA:34,1
LF:6
LH:5
BRF:0
BRH:0
end_of_record
TN:
SF:controllers/ArticleController.js
FNF:0
FNH:0
DA:1,1
DA:2,1
DA:3,1
DA:4,1
DA:5,1
DA:47,0
DA:64,0
DA:65,0
DA:67,0
DA:68,0
DA:93,0
DA:102,1
LF:12
LH:6
BRDA:64,0,0,0
BRDA:64,0,1,0
BRDA:67,1,0,0
BRDA:67,1,1,0
BRF:4
BRH:0
end_of_record
TN:
SF:controllers/AuthController.js
FNF:0
FNH:0
DA:1,1
DA:2,1
DA:3,1
DA:4,1
DA:5,1
DA:6,1
DA:7,1
DA:8,1
DA:75,3
DA:76,3
DA:89,1
LF:11
LH:11
BRDA:64,0,0,3
BRDA:64,0,1,1
BRF:2
BRH:2
end_of_record
TN:
SF:controllers/CommentController.js
FNF:0
FNH:0
DA:1,1
DA:2,1
DA:3,1
DA:4,1
DA:5,1
DA:15,0
DA:24,0
DA:25,0
DA:34,1
LF:9
LH:6
BRF:0
BRH:0
end_of_record
TN:
SF:controllers/QueryController.js
FNF:0
FNH:0
DA:1,1
DA:2,1
DA:3,1
DA:4,1
DA:16,0
DA:29,1
LF:6
LH:5
BRF:0
BRH:0
end_of_record
TN:
SF:middleware/is-auth.js
FN:1,isAuth
FNF:1
FNH:1
FNDA:7,isAuth
DA:1,1
DA:2,7
LF:2
LH:2
BRF:0
BRH:0
end_of_record
TN:
SF:models/Article.js
FNF:0
FNH:0
DA:1,1
DA:3,1
DA:14,1
LF:3
LH:3
BRF:0
BRH:0
end_of_record
TN:
SF:models/Comment.js
FNF:0
FNH:0
DA:1,1
DA:3,1
DA:10,1
LF:3
LH:3
BRF:0
BRH:0
end_of_record
TN:
SF:models/Query.js
FNF:0
FNH:0
DA:1,1
DA:3,1
DA:10,1
LF:3
LH:3
BRF:0
BRH:0
end_of_record
TN:
SF:models/User.js
FNF:0
FNH:0
DA:1,1
DA:3,1
DA:11,1
LF:3
LH:3
BRF:0
BRH:0
end_of_record
TN:
SF:router/admin.routes.js
FNF:0
FNH:0
DA:1,1
DA:2,1
DA:3,1
DA:4,1
DA:6,1
DA:7,1
DA:8,1
LF:7
LH:7
BRF:0
BRH:0
end_of_record
TN:
SF:router/article.routes.js
FNF:0
FNH:0
DA:1,1
DA:2,1
DA:3,1
DA:4,1
DA:6,1
DA:7,1
DA:8,1
DA:9,1
DA:10,1
DA:11,1
DA:12,1
DA:13,1
LF:12
LH:12
BRF:0
BRH:0
end_of_record
TN:
SF:router/auth.routes.js
FNF:0
FNH:0
DA:1,1
DA:2,1
DA:3,1
DA:4,1
DA:6,1
DA:7,1
DA:8,1
DA:10,1
DA:11,1
LF:9
LH:9
BRF:0
BRH:0
end_of_record
TN:
SF:router/comment.routes.js
FNF:0
FNH:0
DA:1,1
DA:2,1
DA:4,1
DA:5,1
DA:6,1
LF:5
LH:5
BRF:0
BRH:0
end_of_record
TN:
SF:router/query.routes.js
FNF:0
FNH:0
DA:1,1
DA:2,1
DA:3,1
DA:4,1
DA:6,1
DA:7,1
DA:8,1
DA:9,1
LF:8
LH:8
BRF:0
BRH:0
end_of_record
TN:
SF:utils/cloudinary-upload.js
FN:4,(anonymous_0)
FN:4,_callee
FN:4,cloudinaryUpload
FNF:3
FNH:3
FNDA:1,(anonymous_0)
FNDA:4,_callee
FNDA:1,cloudinaryUpload
DA:1,1
DA:2,1
DA:4,13
DA:5,1
DA:6,1
DA:8,1
DA:12,1
DA:15,0
LF:8
LH:7
BRDA:4,0,0,1
BRDA:4,0,1,1
BRDA:4,0,2,0
BRDA:4,0,3,0
BRDA:4,0,4,1
BRDA:6,1,0,1
BRDA:6,1,1,0
BRF:7
BRH:4
end_of_record
TN:
SF:utils/errors.js
FN:1,NewError
FNF:1
FNH:1
FNDA:5,NewError
DA:1,1
DA:2,5
LF:2
LH:2
BRF:0
BRH:0
end_of_record
TN:
SF:utils/file-uploader.js
FN:4,destination
FN:7,filename
FNF:2
FNH:2
FNDA:1,destination
FNDA:1,filename
DA:1,1
DA:3,1
DA:5,1
DA:8,1
DA:9,1
DA:13,1
LF:6
LH:6
BRF:0
BRH:0
end_of_record
TN:
SF:utils/passport.js
FN:2,generateToken
FNF:1
FNH:1
FNDA:4,generateToken
DA:1,1
DA:2,1
DA:3,4
DA:4,4
DA:9,4
LF:5
LH:5
BRF:0
BRH:0
end_of_record
TN:
SF:utils/response.js
FN:1,JsonResponse
FNF:1
FNH:1
FNDA:6,JsonResponse
DA:1,6
DA:2,6
LF:2
LH:2
BRDA:1,0,0,0
BRDA:1,0,1,6
BRDA:1,1,0,6
BRDA:1,1,1,0
BRF:4
BRH:2
end_of_record
TN:
SF:validations/article.validator.js
FN:3,articleValidation
FNF:1
FNH:0
FNDA:0,articleValidation
DA:1,1
DA:3,1
DA:4,0
DA:8,0
DA:10,1
LF:5
LH:3
BRF:0
BRH:0
end_of_record
TN:
SF:validations/comment.validator.js
FN:3,commentValidation
FNF:1
FNH:0
FNDA:0,commentValidation
DA:1,1
DA:3,1
DA:4,0
DA:8,0
DA:10,1
LF:5
LH:3
BRF:0
BRH:0
end_of_record
TN:
SF:validations/query.validator.js
FN:3,queryValidation
FNF:1
FNH:0
FNDA:0,queryValidation
DA:1,1
DA:3,1
DA:4,0
DA:9,0
DA:11,1
LF:5
LH:3
BRF:0
BRH:0
end_of_record
TN:
SF:validations/user.validator.js
FN:3,userValidation
FNF:1
FNH:1
FNDA:5,userValidation
DA:1,1
DA:3,1
DA:4,5
DA:10,5
LF:4
LH:4
BRF:0
BRH:0
end_of_record
